[debug] [2024-01-18T02:55:55.925Z] ----------------------------------------------------------------------
[debug] [2024-01-18T02:55:55.926Z] Command:       /Users/bartoszmalarczyk/.nvm/versions/node/v18.19.0/bin/node /Users/bartoszmalarczyk/.npm-global/bin/firebase init
[debug] [2024-01-18T02:55:55.927Z] CLI Version:   13.0.2
[debug] [2024-01-18T02:55:55.927Z] Platform:      darwin
[debug] [2024-01-18T02:55:55.927Z] Node Version:  v18.19.0
[debug] [2024-01-18T02:55:55.928Z] Time:          Thu Jan 18 2024 03:55:55 GMT+0100 (GMT+01:00)
[debug] [2024-01-18T02:55:55.928Z] ----------------------------------------------------------------------
[debug] 
[debug] [2024-01-18T02:55:55.930Z] >>> [apiv2][query] GET https://firebase-public.firebaseio.com/cli.json [none]
[debug] [2024-01-18T02:55:56.013Z] > command requires scopes: ["email","openid","https://www.googleapis.com/auth/cloudplatformprojects.readonly","https://www.googleapis.com/auth/firebase","https://www.googleapis.com/auth/cloud-platform"]
[debug] [2024-01-18T02:55:56.013Z] > authorizing via signed-in user (malarczyk.bartosz@gmail.com)
[info] 
     ######## #### ########  ######## ########     ###     ######  ########
     ##        ##  ##     ## ##       ##     ##  ##   ##  ##       ##
     ######    ##  ########  ######   ########  #########  ######  ######
     ##        ##  ##    ##  ##       ##     ## ##     ##       ## ##
     ##       #### ##     ## ######## ########  ##     ##  ######  ########

You're about to initialize a Firebase project in this directory:

  /Users/bartoszmalarczyk/Documents/_UŁ/Praca inżynierska/expense-tracker

Before we get started, keep in mind:

  * You are initializing within an existing Firebase project directory

[debug] [2024-01-18T02:55:56.315Z] <<< [apiv2][status] GET https://firebase-public.firebaseio.com/cli.json 200
[debug] [2024-01-18T02:55:56.316Z] <<< [apiv2][body] GET https://firebase-public.firebaseio.com/cli.json {"cloudBuildErrorAfter":1594252800000,"cloudBuildWarnAfter":1590019200000,"defaultNode10After":1594252800000,"minVersion":"3.0.5","node8DeploysDisabledAfter":1613390400000,"node8RuntimeDisabledAfter":1615809600000,"node8WarnAfter":1600128000000}
